#
# There is insufficient memory for the Java Runtime Environment to continue.
# Native memory allocation (malloc) failed to allocate 1163472 bytes for Chunk::new
# Possible reasons:
#   The system is out of physical RAM or swap space
#   In 32 bit mode, the process size limit was hit
# Possible solutions:
#   Reduce memory load on the system
#   Increase physical memory or swap space
#   Check if swap backing store is full
#   Use 64 bit Java on a 64 bit OS
#   Decrease Java heap size (-Xmx/-Xms)
#   Decrease number of Java threads
#   Decrease Java thread stack sizes (-Xss)
#   Set larger code cache with -XX:ReservedCodeCacheSize=
# This output file may be truncated or incomplete.
#
#  Out of Memory Error (allocation.cpp:390), pid=45196, tid=0x00000000000008fc
#
# JRE version: Java(TM) SE Runtime Environment (8.0_151-b12) (build 1.8.0_151-b12)
# Java VM: Java HotSpot(TM) 64-Bit Server VM (25.151-b12 mixed mode windows-amd64 compressed oops)
# Failed to write core dump. Minidumps are not enabled by default on client versions of Windows
#

---------------  T H R E A D  ---------------

Current thread (0x00000000177d3000):  JavaThread "C2 CompilerThread1" daemon [_thread_in_native, id=2300, stack(0x0000000018f20000,0x0000000019020000)]

Stack: [0x0000000018f20000,0x0000000019020000]
[error occurred during error reporting (printing stack bounds), id 0xc0000005]

Native frames: (J=compiled Java code, j=interpreted, Vv=VM code, C=native code)


Current CompileTask:
C2:  20325 5075   !   4       org.codehaus.plexus.interpolation.StringSearchInterpolator::interpolate (650 bytes)


---------------  P R O C E S S  ---------------

Java Threads: ( => current thread )
  0x000000001cba5800 
[error occurred during error reporting (printing all threads), id 0xc0000005]

VM state:at safepoint (normal execution)

VM Mutex/Monitor currently owned by a thread:  ([mutex/lock_event])
[0x000000000137cbb0] Threads_lock - owner thread: 0x0000000017798800
[0x000000000137d730] Heap_lock - owner thread: 0x0000000001382800

Heap:
 PSYoungGen      total 342528K, used 913K [0x00000000d5f00000, 0x00000000ed180000, 0x0000000100000000)
  eden space 341504K, 0% used [0x00000000d5f00000,0x00000000d5f00000,0x00000000eac80000)
  from space 1024K, 89% used [0x00000000eac80000,0x00000000ead64720,0x00000000ead80000)
  to   space 18944K, 0% used [0x00000000ebf00000,0x00000000ebf00000,0x00000000ed180000)
 ParOldGen       total 64512K, used 12762K [0x0000000081c00000, 0x0000000085b00000, 0x00000000d5f00000)
  object space 64512K, 19% used [0x0000000081c00000,0x0000000082876908,0x0000000085b00000)
 Metaspace       used 22891K, capacity 23700K, committed 23984K, reserved 1071104K
  class space    used 2609K, capacity 2883K, committed 2992K, reserved 1048576K

Card table byte_map: [0x0000000012060000,0x0000000012460000] byte_map_base: 0x0000000011c52000

Marking Bits: (ParMarkBitMap*) 0x00000000693dd850
 Begin Bits: [0x0000000012b10000, 0x0000000014aa0000)
 End Bits:   [0x0000000014aa0000, 0x0000000016a30000)

Polling page: 0x0000000001030000

CodeCache: size=245760Kb used=17173Kb max_used=17183Kb free=228586Kb
 bounds [0x0000000002ca0000, 0x0000000003d80000, 0x0000000011ca0000]
 total_blobs=4770 nmethods=4393 adapters=289
 compilation: enabled

Compilation events (10 events):
Event: 20.164 Thread 0x00000000177da800 5112       1       java.util.Calendar::getFirstDayOfWeek (5 bytes)
Event: 20.164 Thread 0x00000000177da800 nmethod 5112 0x0000000003d67dd0 code [0x0000000003d67f20, 0x0000000003d68030]
Event: 20.164 Thread 0x00000000177da800 5113       1       java.util.Calendar::getMinimalDaysInFirstWeek (5 bytes)
Event: 20.165 Thread 0x00000000177da800 nmethod 5113 0x0000000003d72790 code [0x0000000003d728e0, 0x0000000003d729f0]
Event: 20.165 Thread 0x00000000177cf800 5114       4       java.util.Arrays::copyOf (13 bytes)
Event: 20.167 Thread 0x00000000177cf800 nmethod 5114 0x0000000003d72390 code [0x0000000003d724c0, 0x0000000003d72658]
Event: 20.204 Thread 0x00000000177da800 5115       3       java.util.Calendar::internalGet (7 bytes)
Event: 20.204 Thread 0x00000000177da800 nmethod 5115 0x0000000003d78890 code [0x0000000003d789e0, 0x0000000003d78b50]
Event: 20.208 Thread 0x00000000177da800 5116       1       java.util.Formatter$Flags::valueOf (5 bytes)
Event: 20.208 Thread 0x00000000177da800 nmethod 5116 0x0000000003d785d0 code [0x0000000003d78720, 0x0000000003d78830]

GC Heap History (10 events):
Event: 19.652 GC heap after
Heap after GC invocations=16 (full 3):
 PSYoungGen      total 360960K, used 96K [0x00000000d5f00000, 0x00000000ed380000, 0x0000000100000000)
  eden space 340992K, 0% used [0x00000000d5f00000,0x00000000d5f00000,0x00000000eac00000)
  from space 19968K, 0% used [0x00000000eac00000,0x00000000eac18000,0x00000000ebf80000)
  to   space 19968K, 0% used [0x00000000ec000000,0x00000000ec000000,0x00000000ed380000)
 ParOldGen       total 64512K, used 13650K [0x0000000081c00000, 0x0000000085b00000, 0x00000000d5f00000)
  object space 64512K, 21% used [0x0000000081c00000,0x00000000829549d0,0x0000000085b00000)
 Metaspace       used 22275K, capacity 22908K, committed 23344K, reserved 1069056K
  class space    used 2551K, capacity 2747K, committed 2864K, reserved 1048576K
}
Event: 19.652 GC heap before
{Heap before GC invocations=17 (full 4):
 PSYoungGen      total 360960K, used 96K [0x00000000d5f00000, 0x00000000ed380000, 0x0000000100000000)
  eden space 340992K, 0% used [0x00000000d5f00000,0x00000000d5f00000,0x00000000eac00000)
  from space 19968K, 0% used [0x00000000eac00000,0x00000000eac18000,0x00000000ebf80000)
  to   space 19968K, 0% used [0x00000000ec000000,0x00000000ec000000,0x00000000ed380000)
 ParOldGen       total 64512K, used 13650K [0x0000000081c00000, 0x0000000085b00000, 0x00000000d5f00000)
  object space 64512K, 21% used [0x0000000081c00000,0x00000000829549d0,0x0000000085b00000)
 Metaspace       used 22275K, capacity 22908K, committed 23344K, reserved 1069056K
  class space    used 2551K, capacity 2747K, committed 2864K, reserved 1048576K
Event: 19.697 GC heap after
Heap after GC invocations=17 (full 4):
 PSYoungGen      total 360960K, used 0K [0x00000000d5f00000, 0x00000000ed380000, 0x0000000100000000)
  eden space 340992K, 0% used [0x00000000d5f00000,0x00000000d5f00000,0x00000000eac00000)
  from space 19968K, 0% used [0x00000000eac00000,0x00000000eac00000,0x00000000ebf80000)
  to   space 19968K, 0% used [0x00000000ec000000,0x00000000ec000000,0x00000000ed380000)
 ParOldGen       total 64512K, used 12754K [0x0000000081c00000, 0x0000000085b00000, 0x00000000d5f00000)
  object space 64512K, 19% used [0x0000000081c00000,0x0000000082874908,0x0000000085b00000)
 Metaspace       used 22275K, capacity 22908K, committed 23344K, reserved 1069056K
  class space    used 2551K, capacity 2747K, committed 2864K, reserved 1048576K
}
Event: 19.698 GC heap before
{Heap before GC invocations=18 (full 4):
 PSYoungGen      total 360960K, used 0K [0x00000000d5f00000, 0x00000000ed380000, 0x0000000100000000)
  eden space 340992K, 0% used [0x00000000d5f00000,0x00000000d5f00000,0x00000000eac00000)
  from space 19968K, 0% used [0x00000000eac00000,0x00000000eac00000,0x00000000ebf80000)
  to   space 19968K, 0% used [0x00000000ec000000,0x00000000ec000000,0x00000000ed380000)
 ParOldGen       total 64512K, used 12754K [0x0000000081c00000, 0x0000000085b00000, 0x00000000d5f00000)
  object space 64512K, 19% used [0x0000000081c00000,0x0000000082874908,0x0000000085b00000)
 Metaspace       used 22275K, capacity 22908K, committed 23344K, reserved 1069056K
  class space    used 2551K, capacity 2747K, committed 2864K, reserved 1048576K
Event: 19.699 GC heap after
Heap after GC invocations=18 (full 4):
 PSYoungGen      total 360448K, used 0K [0x00000000d5f00000, 0x00000000ed280000, 0x0000000100000000)
  eden space 341504K, 0% used [0x00000000d5f00000,0x00000000d5f00000,0x00000000eac80000)
  from space 18944K, 0% used [0x00000000ec000000,0x00000000ec000000,0x00000000ed280000)
  to   space 19456K, 0% used [0x00000000eac80000,0x00000000eac80000,0x00000000ebf80000)
 ParOldGen       total 64512K, used 12754K [0x0000000081c00000, 0x0000000085b00000, 0x00000000d5f00000)
  object space 64512K, 19% used [0x0000000081c00000,0x0000000082874908,0x0000000085b00000)
 Metaspace       used 22275K, capacity 22908K, committed 23344K, reserved 1069056K
  class space    used 2551K, capacity 2747K, committed 2864K, reserved 1048576K
}
Event: 19.699 GC heap before
{Heap before GC invocations=19 (full 5):
 PSYoungGen      total 360448K, used 0K [0x00000000d5f00000, 0x00000000ed280000, 0x0000000100000000)
  eden space 341504K, 0% used [0x00000000d5f00000,0x00000000d5f00000,0x00000000eac80000)
  from space 18944K, 0% used [0x00000000ec000000,0x00000000ec000000,0x00000000ed280000)
  to   space 19456K, 0% used [0x00000000eac80000,0x00000000eac80000,0x00000000ebf80000)
 ParOldGen       total 64512K, used 12754K [0x0000000081c00000, 0x0000000085b00000, 0x00000000d5f00000)
  object space 64512K, 19% used [0x0000000081c00000,0x0000000082874908,0x0000000085b00000)
 Metaspace       used 22275K, capacity 22908K, committed 23344K, reserved 1069056K
  class space    used 2551K, capacity 2747K, committed 2864K, reserved 1048576K
Event: 19.746 GC heap after
Heap after GC invocations=19 (full 5):
 PSYoungGen      total 360448K, used 0K [0x00000000d5f00000, 0x00000000ed280000, 0x0000000100000000)
  eden space 341504K, 0% used [0x00000000d5f00000,0x00000000d5f00000,0x00000000eac80000)
  from space 18944K, 0% used [0x00000000ec000000,0x00000000ec000000,0x00000000ed280000)
  to   space 19456K, 0% used [0x00000000eac80000,0x00000000eac80000,0x00000000ebf80000)
 ParOldGen       total 64512K, used 12754K [0x0000000081c00000, 0x0000000085b00000, 0x00000000d5f00000)
  object space 64512K, 19% used [0x0000000081c00000,0x0000000082874908,0x0000000085b00000)
 Metaspace       used 22275K, capacity 22908K, committed 23344K, reserved 1069056K
  class space    used 2551K, capacity 2747K, committed 2864K, reserved 1048576K
}
Event: 20.209 GC heap before
{Heap before GC invocations=20 (full 5):
 PSYoungGen      total 360448K, used 13409K [0x00000000d5f00000, 0x00000000ed280000, 0x0000000100000000)
  eden space 341504K, 3% used [0x00000000d5f00000,0x00000000d6c18458,0x00000000eac80000)
  from space 18944K, 0% used [0x00000000ec000000,0x00000000ec000000,0x00000000ed280000)
  to   space 19456K, 0% used [0x00000000eac80000,0x00000000eac80000,0x00000000ebf80000)
 ParOldGen       total 64512K, used 12754K [0x0000000081c00000, 0x0000000085b00000, 0x00000000d5f00000)
  object space 64512K, 19% used [0x0000000081c00000,0x0000000082874908,0x0000000085b00000)
 Metaspace       used 22891K, capacity 23700K, committed 23984K, reserved 1071104K
  class space    used 2609K, capacity 2883K, committed 2992K, reserved 1048576K
Event: 20.212 GC heap after
Heap after GC invocations=20 (full 5):
 PSYoungGen      total 342528K, used 913K [0x00000000d5f00000, 0x00000000ed180000, 0x0000000100000000)
  eden space 341504K, 0% used [0x00000000d5f00000,0x00000000d5f00000,0x00000000eac80000)
  from space 1024K, 89% used [0x00000000eac80000,0x00000000ead64720,0x00000000ead80000)
  to   space 18944K, 0% used [0x00000000ebf00000,0x00000000ebf00000,0x00000000ed180000)
 ParOldGen       total 64512K, used 12762K [0x0000000081c00000, 0x0000000085b00000, 0x00000000d5f00000)
  object space 64512K, 19% used [0x0000000081c00000,0x0000000082876908,0x0000000085b00000)
 Metaspace       used 22891K, capacity 23700K, committed 23984K, reserved 1071104K
  class space    used 2609K, capacity 2883K, committed 2992K, reserved 1048576K
}
Event: 20.212 GC heap before
{Heap before GC invocations=21 (full 6):
 PSYoungGen      total 342528K, used 913K [0x00000000d5f00000, 0x00000000ed180000, 0x0000000100000000)
  eden space 341504K, 0% used [0x00000000d5f00000,0x00000000d5f00000,0x00000000eac80000)
  from space 1024K, 89% used [0x00000000eac80000,0x00000000ead64720,0x00000000ead80000)
  to   space 18944K, 0% used [0x00000000ebf00000,0x00000000ebf00000,0x00000000ed180000)
 ParOldGen       total 64512K, used 12762K [0x0000000081c00000, 0x0000000085b00000, 0x00000000d5f00000)
  object space 64512K, 19% used [0x0000000081c00000,0x0000000082876908,0x0000000085b00000)
 Metaspace       used 22891K, capacity 23700K, committed 23984K, reserved 1071104K
  class space    used 2609K, capacity 2883K, committed 2992K, reserved 1048576K

Deoptimization events (10 events):
Event: 19.834 Thread 0x0000000001382800 Uncommon trap: reason=class_check action=maybe_recompile pc=0x000000000335347c method=org.apache.maven.model.interpolation.AbstractStringBasedModelInterpolator.interpolateInternal(Ljava/lang/String;Ljava/util/List;Ljava/util/List;Lorg/apache/maven/model/b
Event: 19.834 Thread 0x0000000001382800 Uncommon trap: reason=class_check action=maybe_recompile pc=0x00000000037f7388 method=org.codehaus.plexus.interpolation.PrefixedValueSourceWrapper.getValue(Ljava/lang/String;)Ljava/lang/Object; @ 33
Event: 19.834 Thread 0x0000000001382800 Uncommon trap: reason=class_check action=maybe_recompile pc=0x0000000003698628 method=org.codehaus.plexus.interpolation.StringSearchInterpolator.interpolate(Ljava/lang/String;Lorg/codehaus/plexus/interpolation/RecursionInterceptor;Ljava/util/Set;)Ljava/la
Event: 19.835 Thread 0x0000000001382800 Uncommon trap: reason=class_check action=maybe_recompile pc=0x0000000003698628 method=org.codehaus.plexus.interpolation.StringSearchInterpolator.interpolate(Ljava/lang/String;Lorg/codehaus/plexus/interpolation/RecursionInterceptor;Ljava/util/Set;)Ljava/la
Event: 20.137 Thread 0x0000000001382800 Uncommon trap: reason=bimorphic action=maybe_recompile pc=0x0000000003379910 method=java.util.Collections$UnmodifiableCollection.size()I @ 4
Event: 20.137 Thread 0x0000000001382800 Uncommon trap: reason=bimorphic action=maybe_recompile pc=0x0000000003379910 method=java.util.Collections$UnmodifiableCollection.size()I @ 4
Event: 20.139 Thread 0x0000000001382800 Uncommon trap: reason=bimorphic action=maybe_recompile pc=0x0000000003379910 method=java.util.Collections$UnmodifiableCollection.size()I @ 4
Event: 20.141 Thread 0x0000000001382800 Uncommon trap: reason=bimorphic action=maybe_recompile pc=0x0000000002fd8e64 method=java.nio.charset.CharsetEncoder.encode(Ljava/nio/CharBuffer;Ljava/nio/ByteBuffer;Z)Ljava/nio/charset/CoderResult; @ 57
Event: 20.146 Thread 0x0000000001382800 Uncommon trap: reason=bimorphic action=maybe_recompile pc=0x0000000002fd8e64 method=java.nio.charset.CharsetEncoder.encode(Ljava/nio/CharBuffer;Ljava/nio/ByteBuffer;Z)Ljava/nio/charset/CoderResult; @ 57
Event: 20.201 Thread 0x0000000001382800 Uncommon trap: reason=bimorphic action=maybe_recompile pc=0x0000000002fd8e64 method=java.nio.charset.CharsetEncoder.encode(Ljava/nio/CharBuffer;Ljava/nio/ByteBuffer;Z)Ljava/nio/charset/CoderResult; @ 57

Internal exceptions (10 events):
Event: 20.106 Thread 0x0000000001382800 Exception <a 'java/lang/NullPointerException'> (0x00000000d646a0d0) thrown at [C:\re\workspace\8-2-build-windows-amd64-cygwin\jdk8u151\9699\hotspot\src\share\vm\interpreter\linkResolver.cpp, line 1183]
Event: 20.107 Thread 0x0000000001382800 Exception <a 'java/lang/NullPointerException'> (0x00000000d646c090) thrown at [C:\re\workspace\8-2-build-windows-amd64-cygwin\jdk8u151\9699\hotspot\src\share\vm\interpreter\linkResolver.cpp, line 1183]
Event: 20.107 Thread 0x0000000001382800 Exception <a 'java/lang/NullPointerException'> (0x00000000d646c490) thrown at [C:\re\workspace\8-2-build-windows-amd64-cygwin\jdk8u151\9699\hotspot\src\share\vm\interpreter\linkResolver.cpp, line 1183]
Event: 20.107 Thread 0x0000000001382800 Exception <a 'java/lang/NullPointerException'> (0x00000000d646c890) thrown at [C:\re\workspace\8-2-build-windows-amd64-cygwin\jdk8u151\9699\hotspot\src\share\vm\interpreter\linkResolver.cpp, line 1183]
Event: 20.167 Thread 0x0000000001382800 Exception <a 'java/lang/NullPointerException'> (0x00000000d654d830) thrown at [C:\re\workspace\8-2-build-windows-amd64-cygwin\jdk8u151\9699\hotspot\src\share\vm\interpreter\linkResolver.cpp, line 1183]
Event: 20.167 Thread 0x0000000001382800 Exception <a 'java/lang/NullPointerException'> (0x00000000d654dc30) thrown at [C:\re\workspace\8-2-build-windows-amd64-cygwin\jdk8u151\9699\hotspot\src\share\vm\interpreter\linkResolver.cpp, line 1183]
Event: 20.167 Thread 0x0000000001382800 Exception <a 'java/lang/NullPointerException'> (0x00000000d654e030) thrown at [C:\re\workspace\8-2-build-windows-amd64-cygwin\jdk8u151\9699\hotspot\src\share\vm\interpreter\linkResolver.cpp, line 1183]
Event: 20.167 Thread 0x0000000001382800 Exception <a 'java/lang/NullPointerException'> (0x00000000d654eb20) thrown at [C:\re\workspace\8-2-build-windows-amd64-cygwin\jdk8u151\9699\hotspot\src\share\vm\interpreter\linkResolver.cpp, line 1183]
Event: 20.167 Thread 0x0000000001382800 Exception <a 'java/lang/NullPointerException'> (0x00000000d654ef20) thrown at [C:\re\workspace\8-2-build-windows-amd64-cygwin\jdk8u151\9699\hotspot\src\share\vm\interpreter\linkResolver.cpp, line 1183]
Event: 20.167 Thread 0x0000000001382800 Exception <a 'java/lang/NullPointerException'> (0x00000000d654f320) thrown at [C:\re\workspace\8-2-build-windows-amd64-cygwin\jdk8u151\9699\hotspot\src\share\vm\interpreter\linkResolver.cpp, line 1183]

Events (10 events):
Event: 20.156 loading class org/codehaus/plexus/util/WriterFactory
Event: 20.156 loading class org/codehaus/plexus/util/WriterFactory done
Event: 20.161 loading class org/apache/maven/artifact/repository/metadata/io/xpp3/MetadataXpp3Writer
Event: 20.161 loading class org/apache/maven/artifact/repository/metadata/io/xpp3/MetadataXpp3Writer done
Event: 20.163 loading class org/eclipse/aether/repository/LocalMetadataRegistration
Event: 20.163 loading class org/eclipse/aether/repository/LocalMetadataRegistration done
Event: 20.201 Thread 0x0000000001382800 Uncommon trap: trap_request=0xffffffc6 fr.pc=0x0000000002fd8e64
Event: 20.201 Thread 0x0000000001382800 DEOPT PACKING pc=0x0000000002fd8e64 sp=0x0000000002c9d810
Event: 20.201 Thread 0x0000000001382800 DEOPT UNPACKING pc=0x0000000002ce582a sp=0x0000000002c9d7a0 mode 2
Event: 20.209 Executing VM operation: ParallelGCSystemGC


Dynamic libraries:
0x00007ff658160000 - 0x00007ff658197000 	C:\Program Files\Java\jdk1.8.0_151\bin\java.exe
0x00007ff948360000 - 0x00007ff94853b000 	C:\WINDOWS\SYSTEM32\ntdll.dll
0x00007ff9477d0000 - 0x00007ff94787e000 	C:\WINDOWS\System32\KERNEL32.DLL
0x00007ff9454a0000 - 0x00007ff9456ea000 	C:\WINDOWS\System32\KERNELBASE.dll
0x000000006a340000 - 0x000000006a3d5000 	C:\WINDOWS\System32\SYSFER.DLL
0x00007ff947240000 - 0x00007ff9472e1000 	C:\WINDOWS\System32\ADVAPI32.dll
0x00007ff947cc0000 - 0x00007ff947d5d000 	C:\WINDOWS\System32\msvcrt.dll
0x00007ff948300000 - 0x00007ff948359000 	C:\WINDOWS\System32\sechost.dll
0x00007ff947d60000 - 0x00007ff947e85000 	C:\WINDOWS\System32\RPCRT4.dll
0x00007ff9470f0000 - 0x00007ff94723a000 	C:\WINDOWS\System32\USER32.dll
0x00007ff945480000 - 0x00007ff94549e000 	C:\WINDOWS\System32\win32u.dll
0x00007ff9458c0000 - 0x00007ff9458e7000 	C:\WINDOWS\System32\GDI32.dll
0x00007ff945140000 - 0x00007ff9452c8000 	C:\WINDOWS\System32\gdi32full.dll
0x00007ff944ff0000 - 0x00007ff94508a000 	C:\WINDOWS\System32\msvcp_win.dll
0x00007ff945380000 - 0x00007ff945476000 	C:\WINDOWS\System32\ucrtbase.dll
0x00007ff9277f0000 - 0x00007ff927a57000 	C:\WINDOWS\WinSxS\amd64_microsoft.windows.common-controls_6595b64144ccf1df_6.0.15063.1155_none_40c7922129a7722b\COMCTL32.dll
0x00007ff946df0000 - 0x00007ff9470e9000 	C:\WINDOWS\System32\combase.dll
0x00007ff944f80000 - 0x00007ff944fea000 	C:\WINDOWS\System32\bcryptPrimitives.dll
0x00007ff947e90000 - 0x00007ff947ebd000 	C:\WINDOWS\System32\IMM32.DLL
0x0000000069460000 - 0x0000000069532000 	C:\Program Files\Java\jdk1.8.0_151\jre\bin\msvcr100.dll
0x0000000068bc0000 - 0x000000006945d000 	C:\Program Files\Java\jdk1.8.0_151\jre\bin\server\jvm.dll
0x00007ff9477c0000 - 0x00007ff9477c8000 	C:\WINDOWS\System32\PSAPI.DLL
0x00007ff930e10000 - 0x00007ff930e19000 	C:\WINDOWS\SYSTEM32\WSOCK32.dll
0x00007ff947f20000 - 0x00007ff947f8c000 	C:\WINDOWS\System32\WS2_32.dll
0x00007ff942b00000 - 0x00007ff942b23000 	C:\WINDOWS\SYSTEM32\WINMM.dll
0x00007ff9347f0000 - 0x00007ff9347fa000 	C:\WINDOWS\SYSTEM32\VERSION.dll
0x00007ff942aa0000 - 0x00007ff942acb000 	C:\WINDOWS\SYSTEM32\WINMMBASE.dll
0x00007ff9450f0000 - 0x00007ff945139000 	C:\WINDOWS\System32\cfgmgr32.dll
0x0000000068bb0000 - 0x0000000068bbf000 	C:\Program Files\Java\jdk1.8.0_151\jre\bin\verify.dll
0x0000000068b80000 - 0x0000000068ba9000 	C:\Program Files\Java\jdk1.8.0_151\jre\bin\java.dll
0x0000000068b60000 - 0x0000000068b76000 	C:\Program Files\Java\jdk1.8.0_151\jre\bin\zip.dll
0x00007ff9458f0000 - 0x00007ff946d28000 	C:\WINDOWS\System32\SHELL32.dll
0x00007ff948130000 - 0x00007ff9481da000 	C:\WINDOWS\System32\shcore.dll
0x00007ff944880000 - 0x00007ff944f71000 	C:\WINDOWS\System32\windows.storage.dll
0x00007ff947350000 - 0x00007ff9473a1000 	C:\WINDOWS\System32\shlwapi.dll
0x00007ff944820000 - 0x00007ff944831000 	C:\WINDOWS\System32\kernel.appcore.dll
0x00007ff9447d0000 - 0x00007ff94481c000 	C:\WINDOWS\System32\powrprof.dll
0x00007ff944860000 - 0x00007ff944875000 	C:\WINDOWS\System32\profapi.dll
0x00007ff941500000 - 0x00007ff94150a000 	C:\Maven\apache-maven-3.5.0\lib\jansi-native\windows64\jansi.dll
0x0000000068b40000 - 0x0000000068b5a000 	C:\Program Files\Java\jdk1.8.0_151\jre\bin\net.dll
0x00007ff944080000 - 0x00007ff9440dc000 	C:\WINDOWS\system32\mswsock.dll
0x0000000068b20000 - 0x0000000068b31000 	C:\Program Files\Java\jdk1.8.0_151\jre\bin\nio.dll
0x00007ff944220000 - 0x00007ff944237000 	C:\WINDOWS\SYSTEM32\CRYPTSP.dll
0x00007ff943960000 - 0x00007ff943994000 	C:\WINDOWS\system32\rsaenh.dll
0x00007ff9446a0000 - 0x00007ff9446c5000 	C:\WINDOWS\SYSTEM32\bcrypt.dll
0x00007ff944700000 - 0x00007ff944729000 	C:\WINDOWS\SYSTEM32\USERENV.dll
0x00007ff944240000 - 0x00007ff94424b000 	C:\WINDOWS\SYSTEM32\CRYPTBASE.dll
0x00007ff943e20000 - 0x00007ff943e57000 	C:\WINDOWS\SYSTEM32\IPHLPAPI.DLL
0x00007ff9473b0000 - 0x00007ff9473b8000 	C:\WINDOWS\System32\NSI.dll
0x00007ff93d310000 - 0x00007ff93d326000 	C:\WINDOWS\SYSTEM32\dhcpcsvc6.DLL
0x00007ff93d150000 - 0x00007ff93d16a000 	C:\WINDOWS\SYSTEM32\dhcpcsvc.DLL

VM Arguments:
jvm_args: -Dclassworlds.conf=C:/Maven/apache-maven-3.5.0/bin/m2.conf -Dmaven.home=C:/Maven/apache-maven-3.5.0 -Dmaven.multiModuleProjectDirectory=D:/GIT/Shoebill/shoebill-dependency-manager 
java_command: org.codehaus.plexus.classworlds.launcher.Launcher install
java_class_path (initial): C:/Maven/apache-maven-3.5.0/boot/plexus-classworlds-2.5.2.jar
Launcher Type: SUN_STANDARD

Environment Variables:
JAVA_HOME=C:/Program Files/Java/jdk1.8.0_151
JRE_HOME=c:\Program Files\Java\jre1.8.0_151
PATH=C:\Program Files\Git\mingw64\bin;C:\Program Files\Git\usr\bin;C:\Users\Oleg_Degay\bin;C:\ProgramData\DockerDesktop\version-bin;C:\Program Files\Docker\Docker\Resources\bin;C:\Program Files (x86)\Common Files\Oracle\Java\javapath;C:\ProgramData\Oracle\Java\javapath;C:\WINDOWS\system32;C:\WINDOWS;C:\WINDOWS\System32\Wbem;C:\WINDOWS\System32\WindowsPowerShell\v1.0;C:\Program Files\TortoiseSVN\bin;C:\Maven\apache-maven-3.5.0\bin;C:\HashiCorp\Vagrant\bin;C:\Program Files\PuTTY;C:\Program Files\Git\cmd;C:\Program Files\MongoDB\Server\3.6\bin;C:\cygwin64\bin;C:\Ruby23\bin;C:\Ruby23\bin\mingw;C:\Users\Oleg_Degay\AppData\Local\Programs\Python\Python36-32;C:\Program Files (x86)\Windows Kits\8.1\Windows Performance Toolkit;C:\Program Files (x86)\Sennheiser\SoftphoneSDK;C:\Program Files\nodejs;C:\Program Files\MySQL\MySQL Server 8.0\bin;C:\Program Files\CMake\bin;C:\Python\Python37-32\Scripts;C:\Python\Python37-32;C:\Users\Oleg_Degay\scoop\shims;C:\Users\Oleg_Degay\AppData\Local\Microsoft\WindowsApps;C:\Program Files\Microsoft VS Code\bin;C:\Users\Oleg_Degay\AppData\Roaming\npm;C:\ProgramData\Oleg_Degay\GitHubDesktop\bin;C:\Users\Oleg_Degay\AppData\Local\Programs\Microsoft VS Code\bin;C:\Users\Oleg_Degay\AppData\Local\Programs\Fiddler;C:\Program Files\MySQL\MySQL Server 8.0\bin;C:\msys64\mingw32\bin
USERNAME=Oleg_Degay
OS=Windows_NT
PROCESSOR_IDENTIFIER=Intel64 Family 6 Model 78 Stepping 3, GenuineIntel



---------------  S Y S T E M  ---------------

OS: Windows 10.0 , 64 bit Build 15063 (10.0.15063.1058)

CPU:total 4 (initial active 4) (2 cores per cpu, 2 threads per core) family 6 model 78 stepping 3, cmov, cx8, fxsr, mmx, sse, sse2, sse3, ssse3, sse4.1, sse4.2, popcnt, avx, avx2, aes, clmul, erms, rtm, 3dnowpref, lzcnt, ht, tsc, tscinvbit, bmi1, bmi2, adx

Memory: 4k page, physical 8266324k(536300k free), swap 13278816k(5668k free)

vm_info: Java HotSpot(TM) 64-Bit Server VM (25.151-b12) for windows-amd64 JRE (1.8.0_151-b12), built on Sep  5 2017 19:33:46 by "java_re" with MS VC++ 10.0 (VS2010)

time: Sat Dec 29 15:13:04 2018
elapsed time: 20 seconds (0d 0h 0m 20s)

